2024-07-10 11:37:04,699 [INFO] Activator:176 - 


2024-07-10 11:37:04,700 [INFO] Activator:177 - !SESSION log4j initialized
2024-07-10 11:37:06,495 [INFO] LogOutputStream:77 - [STDOUT_REDIRECT] 
2024-07-10 11:37:12,781 [INFO] ApplicationProperties:184 - Using Application install path: C:\ST\STM32CubeIDE_1.14.1\STM32CubeIDE\plugins\com.st.stm32cube.common.mx_6.10.0.202311202037
2024-07-10 11:37:12,792 [INFO] DbMcusXml:78 - Set database path to: C:\ST\STM32CubeIDE_1.14.1\STM32CubeIDE\plugins\com.st.stm32cube.common.mx_6.10.0.202311202037\\db\/mcu/
2024-07-10 11:37:12,792 [INFO] ApiDb:274 - Set plugin database path to: C:\ST\STM32CubeIDE_1.14.1\STM32CubeIDE\plugins\com.st.stm32cube.common.mx_6.10.0.202311202037\\db\/plugins/boardmanager/
2024-07-10 11:37:12,792 [WARN] ApiDb:259 - Overriding images path with different value:  => C:\ST\STM32CubeIDE_1.14.1\STM32CubeIDE\plugins\com.st.stm32cube.common.mx_6.10.0.202311202037\\db\/plugins/mcufinder/images/
2024-07-10 11:37:12,800 [INFO] ApiDb:250 - Set database path to: C:\Users\cassi\.stmcufinder\plugins\mcufinder//mcu/
2024-07-10 11:37:12,800 [INFO] DbMcusAds:125 - Set database path to: C:\Users\cassi\.stmcufinder\plugins\mcufinder//mcu/
2024-07-10 11:37:12,802 [INFO] CrossReferenceDbSqlite:203 - Set database path to: C:\Users\cassi\.stmcufinder\plugins\mcufinder//mcu/cs/
2024-07-10 11:37:12,876 [INFO] RulesReader:64 - Compatibility file has been processed (297 Rules)
2024-07-10 11:37:12,928 [INFO] DbMcusXml:78 - Set database path to: C:\ST\STM32CubeIDE_1.14.1\STM32CubeIDE\plugins\com.st.stm32cube.common.mx_6.10.0.202311202037\\db\/mcu/
2024-07-10 11:37:12,928 [INFO] ApiDb:274 - Set plugin database path to: C:\ST\STM32CubeIDE_1.14.1\STM32CubeIDE\plugins\com.st.stm32cube.common.mx_6.10.0.202311202037\\db\/plugins/boardmanager/
2024-07-10 11:37:12,928 [INFO] ApiDb:261 - Set plugin images path to: C:\ST\STM32CubeIDE_1.14.1\STM32CubeIDE\plugins\com.st.stm32cube.common.mx_6.10.0.202311202037\\db\/plugins/mcufinder/images/
2024-07-10 11:37:12,928 [WARN] DbFile:41 - Overriding database path with different value: C:\Users\cassi\.stmcufinder\plugins\mcufinder/ => C:\Users\cassi\.stmcufinder\plugins\mcufinder
2024-07-10 11:37:12,928 [INFO] ApiDb:250 - Set database path to: C:\Users\cassi\.stmcufinder\plugins\mcufinder//mcu/
2024-07-10 11:37:12,928 [WARN] DbFile:41 - Overriding database path with different value: C:\Users\cassi\.stmcufinder\plugins\mcufinder/ => C:\Users\cassi\.stmcufinder\plugins\mcufinder
2024-07-10 11:37:12,928 [INFO] DbMcusAds:125 - Set database path to: C:\Users\cassi\.stmcufinder\plugins\mcufinder//mcu/
2024-07-10 11:37:12,928 [WARN] DbFile:41 - Overriding database path with different value: C:\Users\cassi\.stmcufinder\plugins\mcufinder/ => C:\Users\cassi\.stmcufinder\plugins\mcufinder
2024-07-10 11:37:12,928 [WARN] DbFile:41 - Overriding database path with different value: C:\Users\cassi\.stmcufinder\plugins\mcufinder/ => C:\Users\cassi\.stmcufinder\plugins\mcufinder
2024-07-10 11:37:12,928 [INFO] CrossReferenceDbSqlite:203 - Set database path to: C:\Users\cassi\.stmcufinder\plugins\mcufinder//mcu/cs/
2024-07-10 11:37:12,976 [INFO] MainPanel:264 - HeapMemory: 320864256
2024-07-10 11:37:13,020 [INFO] DbMcusXml:78 - Set database path to: C:\ST\STM32CubeIDE_1.14.1\STM32CubeIDE\plugins\com.st.stm32cube.common.mx_6.10.0.202311202037\\db\/mcu/
2024-07-10 11:37:13,020 [INFO] ApiDb:274 - Set plugin database path to: C:\ST\STM32CubeIDE_1.14.1\STM32CubeIDE\plugins\com.st.stm32cube.common.mx_6.10.0.202311202037\\db\/plugins/boardmanager/
2024-07-10 11:37:13,020 [INFO] ApiDb:261 - Set plugin images path to: C:\ST\STM32CubeIDE_1.14.1\STM32CubeIDE\plugins\com.st.stm32cube.common.mx_6.10.0.202311202037\\db\/plugins/mcufinder/images/
2024-07-10 11:37:13,020 [WARN] DbFile:41 - Overriding database path with different value: C:\Users\cassi\.stmcufinder\plugins\mcufinder/ => C:\Users\cassi\.stmcufinder\plugins\mcufinder
2024-07-10 11:37:13,021 [INFO] ApiDb:250 - Set database path to: C:\Users\cassi\.stmcufinder\plugins\mcufinder//mcu/
2024-07-10 11:37:13,021 [WARN] DbFile:41 - Overriding database path with different value: C:\Users\cassi\.stmcufinder\plugins\mcufinder/ => C:\Users\cassi\.stmcufinder\plugins\mcufinder
2024-07-10 11:37:13,021 [INFO] DbMcusAds:125 - Set database path to: C:\Users\cassi\.stmcufinder\plugins\mcufinder//mcu/
2024-07-10 11:37:13,021 [WARN] DbFile:41 - Overriding database path with different value: C:\Users\cassi\.stmcufinder\plugins\mcufinder/ => C:\Users\cassi\.stmcufinder\plugins\mcufinder
2024-07-10 11:37:13,021 [WARN] DbFile:41 - Overriding database path with different value: C:\Users\cassi\.stmcufinder\plugins\mcufinder/ => C:\Users\cassi\.stmcufinder\plugins\mcufinder
2024-07-10 11:37:13,021 [INFO] CrossReferenceDbSqlite:203 - Set database path to: C:\Users\cassi\.stmcufinder\plugins\mcufinder//mcu/cs/
2024-07-10 11:37:13,030 [INFO] ApplicationProperties:184 - Using Application install path: C:\ST\STM32CubeIDE_1.14.1\STM32CubeIDE\plugins\com.st.stm32cube.common.mx_6.10.0.202311202037
2024-07-10 11:37:13,031 [INFO] PluginManage:196 - Search for loadable plugins [exclusion list=, ]
2024-07-10 11:37:13,032 [INFO] PluginManage:310 - Check plugin analytics
2024-07-10 11:37:18,120 [INFO] AnalyticsPlugin:253 - Accepted Software Licenses: STM32CubeMX.6.12.0
2024-07-10 11:37:18,121 [INFO] AnalyticsPlugin:255 - Accepted CMSIS Pack Licenses: 
2024-07-10 11:37:18,121 [INFO] AnalyticsPlugin:257 - Accepted Firmware Licenses: FW.F4.1.28.0
2024-07-10 11:37:18,123 [INFO] PluginManage:359 - Loaded plugin analytics (category:tool,tabindex:-1)
2024-07-10 11:37:18,123 [INFO] PluginManage:310 - Check plugin cadmodel
2024-07-10 11:37:18,127 [INFO] CADModel:105 - Init CAD model plugin
2024-07-10 11:37:18,127 [INFO] PluginManage:359 - Loaded plugin cadmodel (category:power,tabindex:5)
2024-07-10 11:37:18,127 [INFO] PluginManage:310 - Check plugin clock
2024-07-10 11:37:18,135 [INFO] PluginManage:359 - Loaded plugin clock (category:base,tabindex:2)
2024-07-10 11:37:18,135 [INFO] PluginManage:310 - Check plugin ddr
2024-07-10 11:37:18,137 [INFO] PluginManage:359 - Loaded plugin ddr (category:tool,tabindex:6)
2024-07-10 11:37:18,137 [INFO] PluginManage:310 - Check plugin filemanager
2024-07-10 11:37:18,231 [INFO] PluginManage:359 - Loaded plugin filemanager (category:base,tabindex:10)
2024-07-10 11:37:18,231 [INFO] PluginManage:310 - Check plugin ipmanager
2024-07-10 11:37:18,236 [INFO] PluginManage:359 - Loaded plugin ipmanager (category:base,tabindex:5)
2024-07-10 11:37:18,236 [INFO] PluginManage:310 - Check plugin lpbam
2024-07-10 11:37:18,242 [INFO] PluginManage:359 - Loaded plugin lpbam (category:base,tabindex:0)
2024-07-10 11:37:18,242 [INFO] PluginManage:310 - Check plugin memorymap
2024-07-10 11:37:18,248 [INFO] PluginManage:359 - Loaded plugin memorymap (category:base,tabindex:4)
2024-07-10 11:37:18,248 [INFO] PluginManage:310 - Check plugin pinoutandconfiguration
2024-07-10 11:37:18,252 [INFO] PluginManage:359 - Loaded plugin pinoutandconfiguration (category:base,tabindex:1)
2024-07-10 11:37:18,252 [INFO] PluginManage:310 - Check plugin pinoutconfig
2024-07-10 11:37:18,334 [WARN] SupportedApi:132 - Cannot load RTOS API schema: s4s-elt-must-match.1: The content of 'definitions' must match (annotation?, (simpleType | complexType)?, (unique | key | keyref)*)). A problem was found starting at: attribute.
2024-07-10 11:37:18,412 [INFO] PluginManage:359 - Loaded plugin pinoutconfig (category:base,tabindex:0)
2024-07-10 11:37:18,412 [INFO] PluginManage:310 - Check plugin power
2024-07-10 11:37:18,417 [INFO] PluginManage:359 - Loaded plugin power (category:power,tabindex:4)
2024-07-10 11:37:18,417 [INFO] PluginManage:310 - Check plugin projectmanager
2024-07-10 11:37:18,426 [INFO] PluginManage:359 - Loaded plugin projectmanager (category:projectmanager,tabindex:3)
2024-07-10 11:37:18,427 [INFO] PluginManage:310 - Check plugin thirdparty
2024-07-10 11:37:18,533 [WARN] IntegrityCheckThread:84 - waiting for thirdparty lock release [integrity check]
2024-07-10 11:37:18,533 [INFO] IntegrityCheckThread:86 - entering critical section [integrity check]
2024-07-10 11:37:18,533 [INFO] PluginManage:359 - Loaded plugin thirdparty (category:base,tabindex:-1)
2024-07-10 11:37:18,533 [INFO] PluginManage:310 - Check plugin tools
2024-07-10 11:37:18,534 [INFO] ThirdPartyUpdaterWithRetryManager:70 - Updater plugin not ready yet. [1/15]
2024-07-10 11:37:18,537 [INFO] PluginManage:359 - Loaded plugin tools (category:base,tabindex:7)
2024-07-10 11:37:18,537 [INFO] PluginManage:310 - Check plugin tutovideos
2024-07-10 11:37:18,667 [INFO] PluginManage:359 - Loaded plugin tutovideos (category:base,tabindex:-1)
2024-07-10 11:37:18,667 [INFO] PluginManage:310 - Check plugin updater
2024-07-10 11:37:18,674 [INFO] PluginManage:359 - Loaded plugin updater (category:base,tabindex:12)
2024-07-10 11:37:18,675 [INFO] PluginManage:310 - Check plugin userauth
2024-07-10 11:37:18,678 [INFO] UserAuth:114 - Init User Auth plugin
2024-07-10 11:37:18,679 [INFO] PluginManage:359 - Loaded plugin userauth (category:base,tabindex:14)
2024-07-10 11:37:18,679 [INFO] PluginManage:283 - PluginManage : Loaded plugins [17]
2024-07-10 11:37:18,812 [INFO] PinOutPanel:1499 - setPackage(No Configuration,No Configuration)
2024-07-10 11:37:18,858 [INFO] CADModel:165 - CPN selected for project level
2024-07-10 11:37:18,858 [INFO] CADModel:114 - Register for checkConnection events
2024-07-10 11:37:18,868 [INFO] IPUIPlugin:80 - create IPUIPlugin
2024-07-10 11:37:18,868 [INFO] PluginManager:220 - loadIPPluginJar : add adc
2024-07-10 11:37:18,869 [INFO] IPUIPlugin:80 - create IPUIPlugin
2024-07-10 11:37:18,870 [INFO] PluginManager:220 - loadIPPluginJar : add aes
2024-07-10 11:37:18,871 [INFO] IPUIPlugin:80 - create IPUIPlugin
2024-07-10 11:37:18,871 [INFO] PluginManager:220 - loadIPPluginJar : add can
2024-07-10 11:37:18,872 [INFO] IPUIPlugin:80 - create IPUIPlugin
2024-07-10 11:37:18,872 [INFO] PluginManager:220 - loadIPPluginJar : add comp
2024-07-10 11:37:18,873 [INFO] IPUIPlugin:80 - create IPUIPlugin
2024-07-10 11:37:18,873 [INFO] PluginManager:220 - loadIPPluginJar : add cryp
2024-07-10 11:37:18,875 [INFO] IPUIPlugin:80 - create IPUIPlugin
2024-07-10 11:37:18,875 [INFO] PluginManager:220 - loadIPPluginJar : add dfsdm
2024-07-10 11:37:18,878 [INFO] IPUIPlugin:80 - create IPUIPlugin
2024-07-10 11:37:18,878 [INFO] PluginManager:220 - loadIPPluginJar : add dma
2024-07-10 11:37:18,879 [INFO] IPUIPlugin:80 - create IPUIPlugin
2024-07-10 11:37:18,879 [INFO] PluginManager:220 - loadIPPluginJar : add dma3
2024-07-10 11:37:18,880 [INFO] IPUIPlugin:80 - create IPUIPlugin
2024-07-10 11:37:18,880 [INFO] PluginManager:220 - loadIPPluginJar : add fatfs
2024-07-10 11:37:18,884 [INFO] IPUIPlugin:80 - create IPUIPlugin
2024-07-10 11:37:18,884 [INFO] PluginManager:220 - loadIPPluginJar : add fmc
2024-07-10 11:37:18,890 [INFO] IPUIPlugin:80 - create IPUIPlugin
2024-07-10 11:37:18,890 [INFO] PluginManager:220 - loadIPPluginJar : add freertos
2024-07-10 11:37:18,891 [INFO] IPUIPlugin:80 - create IPUIPlugin
2024-07-10 11:37:18,891 [INFO] PluginManager:220 - loadIPPluginJar : add genericplugin
2024-07-10 11:37:18,892 [INFO] IPUIPlugin:80 - create IPUIPlugin
2024-07-10 11:37:18,892 [INFO] PluginManager:220 - loadIPPluginJar : add gfxmmu
2024-07-10 11:37:18,896 [INFO] IPUIPlugin:80 - create IPUIPlugin
2024-07-10 11:37:18,896 [INFO] PluginManager:220 - loadIPPluginJar : add gic
2024-07-10 11:37:18,899 [INFO] IPUIPlugin:80 - create IPUIPlugin
2024-07-10 11:37:18,900 [INFO] PluginManager:220 - loadIPPluginJar : add gpio
2024-07-10 11:37:18,901 [INFO] IPUIPlugin:80 - create IPUIPlugin
2024-07-10 11:37:18,901 [INFO] PluginManager:220 - loadIPPluginJar : add gtzc
2024-07-10 11:37:18,903 [INFO] IPUIPlugin:80 - create IPUIPlugin
2024-07-10 11:37:18,903 [INFO] PluginManager:220 - loadIPPluginJar : add hash
2024-07-10 11:37:18,904 [INFO] IPUIPlugin:80 - create IPUIPlugin
2024-07-10 11:37:18,904 [INFO] PluginManager:220 - loadIPPluginJar : add i2c
2024-07-10 11:37:18,906 [INFO] IPUIPlugin:80 - create IPUIPlugin
2024-07-10 11:37:18,906 [INFO] PluginManager:220 - loadIPPluginJar : add i2s
2024-07-10 11:37:18,908 [INFO] IPUIPlugin:80 - create IPUIPlugin
2024-07-10 11:37:18,908 [INFO] PluginManager:220 - loadIPPluginJar : add i3c
2024-07-10 11:37:18,910 [INFO] IPUIPlugin:80 - create IPUIPlugin
2024-07-10 11:37:18,910 [INFO] PluginManager:220 - loadIPPluginJar : add ipddr
2024-07-10 11:37:18,915 [INFO] IPUIPlugin:80 - create IPUIPlugin
2024-07-10 11:37:18,916 [INFO] PluginManager:220 - loadIPPluginJar : add linkedlist
2024-07-10 11:37:18,917 [INFO] IPUIPlugin:80 - create IPUIPlugin
2024-07-10 11:37:18,917 [INFO] PluginManager:220 - loadIPPluginJar : add lorawan
2024-07-10 11:37:18,918 [INFO] IPUIPlugin:80 - create IPUIPlugin
2024-07-10 11:37:18,918 [INFO] PluginManager:220 - loadIPPluginJar : add ltdc
2024-07-10 11:37:18,922 [INFO] IPUIPlugin:80 - create IPUIPlugin
2024-07-10 11:37:18,922 [INFO] PluginManager:220 - loadIPPluginJar : add mdma
2024-07-10 11:37:18,926 [INFO] IPUIPlugin:80 - create IPUIPlugin
2024-07-10 11:37:18,926 [INFO] PluginManager:220 - loadIPPluginJar : add nvic
2024-07-10 11:37:18,928 [INFO] IPUIPlugin:80 - create IPUIPlugin
2024-07-10 11:37:18,928 [INFO] PluginManager:220 - loadIPPluginJar : add opamp
2024-07-10 11:37:18,930 [INFO] IPUIPlugin:80 - create IPUIPlugin
2024-07-10 11:37:18,930 [INFO] PluginManager:220 - loadIPPluginJar : add openamp
2024-07-10 11:37:18,932 [INFO] IPUIPlugin:80 - create IPUIPlugin
2024-07-10 11:37:18,932 [INFO] PluginManager:220 - loadIPPluginJar : add pdm2pcm
2024-07-10 11:37:18,935 [INFO] IPUIPlugin:80 - create IPUIPlugin
2024-07-10 11:37:18,938 [INFO] PluginManager:220 - loadIPPluginJar : add plateformsettings
2024-07-10 11:37:18,939 [INFO] IPUIPlugin:80 - create IPUIPlugin
2024-07-10 11:37:18,939 [INFO] PluginManager:220 - loadIPPluginJar : add quadspi
2024-07-10 11:37:18,941 [INFO] IPUIPlugin:80 - create IPUIPlugin
2024-07-10 11:37:18,941 [INFO] PluginManager:220 - loadIPPluginJar : add resmgrutility
2024-07-10 11:37:18,943 [INFO] IPUIPlugin:80 - create IPUIPlugin
2024-07-10 11:37:18,943 [INFO] PluginManager:220 - loadIPPluginJar : add sai
2024-07-10 11:37:18,944 [INFO] IPUIPlugin:80 - create IPUIPlugin
2024-07-10 11:37:18,944 [INFO] PluginManager:220 - loadIPPluginJar : add spi
2024-07-10 11:37:18,948 [INFO] IPUIPlugin:80 - create IPUIPlugin
2024-07-10 11:37:18,948 [INFO] PluginManager:220 - loadIPPluginJar : add stm32_wpan
2024-07-10 11:37:18,949 [INFO] IPUIPlugin:80 - create IPUIPlugin
2024-07-10 11:37:18,949 [INFO] PluginManager:220 - loadIPPluginJar : add tim
2024-07-10 11:37:18,951 [INFO] IPUIPlugin:80 - create IPUIPlugin
2024-07-10 11:37:18,951 [INFO] PluginManager:220 - loadIPPluginJar : add touchsensing
2024-07-10 11:37:18,953 [INFO] IPUIPlugin:80 - create IPUIPlugin
2024-07-10 11:37:18,953 [INFO] PluginManager:220 - loadIPPluginJar : add tracer_emb
2024-07-10 11:37:18,954 [INFO] IPUIPlugin:80 - create IPUIPlugin
2024-07-10 11:37:18,954 [INFO] PluginManager:220 - loadIPPluginJar : add ts
2024-07-10 11:37:18,954 [INFO] IPUIPlugin:80 - create IPUIPlugin
2024-07-10 11:37:18,954 [INFO] PluginManager:220 - loadIPPluginJar : add tsc
2024-07-10 11:37:18,955 [INFO] IPUIPlugin:80 - create IPUIPlugin
2024-07-10 11:37:18,955 [INFO] PluginManager:220 - loadIPPluginJar : add ucpd
2024-07-10 11:37:18,957 [INFO] IPUIPlugin:80 - create IPUIPlugin
2024-07-10 11:37:18,957 [INFO] PluginManager:220 - loadIPPluginJar : add usart
2024-07-10 11:37:18,958 [INFO] IPUIPlugin:80 - create IPUIPlugin
2024-07-10 11:37:18,958 [INFO] PluginManager:220 - loadIPPluginJar : add usbx
2024-07-10 11:37:19,069 [INFO] CADModel:165 - CPN selected for project level
2024-07-10 11:37:19,069 [INFO] CADModel:114 - Register for checkConnection events
2024-07-10 11:37:19,070 [FATAL] Updater:308 - Updater called before beeing initialized
2024-07-10 11:37:19,070 [ERROR] CADModel:125 - Updater not yet initialized, retry later 
2024-07-10 11:37:19,160 [INFO] CADModel:165 - CPN selected for project level
2024-07-10 11:37:19,160 [INFO] CADModel:114 - Register for checkConnection events
2024-07-10 11:37:19,160 [FATAL] Updater:308 - Updater called before beeing initialized
2024-07-10 11:37:19,160 [ERROR] CADModel:125 - Updater not yet initialized, retry later 
2024-07-10 11:37:19,162 [FATAL] Updater:308 - Updater called before beeing initialized
2024-07-10 11:37:19,232 [FATAL] Updater:308 - Updater called before beeing initialized
2024-07-10 11:37:19,241 [INFO] DbMcusAds:53 - JSON generation date=Thu May 16 06:22:01 BRT 2024 (1715851321109)
2024-07-10 11:37:19,241 [FATAL] Updater:308 - Updater called before beeing initialized
2024-07-10 11:37:19,263 [WARN] DetailPanel:346 - Failed to get advertising image, set to default
2024-07-10 11:37:19,313 [FATAL] Updater:308 - Updater called before beeing initialized
2024-07-10 11:37:19,314 [FATAL] Updater:308 - Updater called before beeing initialized
2024-07-10 11:37:19,314 [FATAL] Updater:308 - Updater called before beeing initialized
2024-07-10 11:37:19,314 [WARN] DetailPanel:346 - Failed to get advertising image, set to default
2024-07-10 11:37:19,315 [FATAL] Updater:308 - Updater called before beeing initialized
2024-07-10 11:37:19,344 [ERROR] Updater:1120 - MainUpdater not yet initialized. External WinMGr cannot be set.
2024-07-10 11:37:19,345 [INFO] Updater:1056 - Updater Version found : 6.10.0
2024-07-10 11:37:19,357 [INFO] ApplicationProperties:184 - Using Application install path: C:\ST\STM32CubeIDE_1.14.1\STM32CubeIDE\plugins\com.st.stm32cube.common.mx_6.10.0.202311202037
2024-07-10 11:37:20,925 [ERROR] LogOutputStream:75 - [STDERR_REDIRECT] Jul 10, 2024 11:37:20 AM java.util.prefs.WindowsPreferences <init>
2024-07-10 11:37:20,927 [ERROR] LogOutputStream:75 - [STDERR_REDIRECT] WARNING: Could not open/create prefs root node Software\JavaSoft\Prefs at root 0xffffffff80000002. Windows RegCreateKeyEx(...) returned error code 5.
2024-07-10 11:37:20,928 [ERROR] LogOutputStream:75 - [STDERR_REDIRECT] 
2024-07-10 11:37:21,203 [INFO] MainUpdater:2873 - connection check result : 10
2024-07-10 11:37:21,204 [INFO] MainUpdater:290 - Updater Check For Update Now.
2024-07-10 11:37:21,204 [INFO] MicroXplorer:498 - Change Database Version : DB.6.0.100
2024-07-10 11:37:21,223 [INFO] McuFinderGlobals:63 - Set McuFinder mode to 2 (CubeIDE integrated)
2024-07-10 11:37:21,369 [INFO] CheckServerUpdateThread:120 - End of CheckServer Thread
2024-07-10 11:37:21,642 [WARN] PackLoader:240 - Cannot read IP mode file for STMicroelectronics.FP-SNS-MOTENVWB1.1.4.0
2024-07-10 11:37:21,663 [WARN] PackLoader:240 - Cannot read IP mode file for STMicroelectronics.X-CUBE-SMBUS.2.1.0
2024-07-10 11:37:21,669 [WARN] PackLoader:240 - Cannot read IP mode file for STMicroelectronics.X-CUBE-TOUCHGFX.4.23.0
2024-07-10 11:37:21,671 [WARN] PackLoader:240 - Cannot read IP mode file for STMicroelectronics.X-CUBE-TOUCHGFX.4.23.2
2024-07-10 11:37:21,699 [WARN] PackLoader:240 - Cannot read IP mode file for STMicroelectronics.X-CUBE-AZRTOS-F7.1.1.0
2024-07-10 11:37:21,707 [WARN] PackLoader:240 - Cannot read IP mode file for STMicroelectronics.FP-SNS-MOTENV1.4.3.2
2024-07-10 11:37:21,711 [WARN] PackLoader:240 - Cannot read IP mode file for STMicroelectronics.FP-SNS-FLIGHT1.5.0.2
2024-07-10 11:37:21,718 [WARN] PackLoader:240 - Cannot read IP mode file for STMicroelectronics.X-CUBE-DISPLAY.3.0.0
2024-07-10 11:37:21,733 [WARN] PackLoader:240 - Cannot read IP mode file for STMicroelectronics.X-CUBE-BLE1.7.0.0
2024-07-10 11:37:21,737 [WARN] PackLoader:240 - Cannot read IP mode file for emotas.I-CUBE-CANOPEN.1.3.0
2024-07-10 11:37:21,744 [WARN] PackLoader:240 - Cannot read IP mode file for STMicroelectronics.X-CUBE-BLEMGR.3.1.0
2024-07-10 11:37:21,749 [WARN] PackLoader:240 - Cannot read IP mode file for STMicroelectronics.FP-SNS-SMARTAG2.1.2.0
2024-07-10 11:37:21,760 [INFO] LogOutputStream:77 - [STDOUT_REDIRECT] 1 : Invalid condition id : UX_CORESTACK_Condition cause : null
2024-07-10 11:37:21,761 [INFO] LogOutputStream:77 - [STDOUT_REDIRECT] 1 : Invalid condition id : UX_CORESTACK_Condition cause : null
2024-07-10 11:37:21,762 [INFO] LogOutputStream:77 - [STDOUT_REDIRECT] 1 : Invalid condition id : UX_CORESTACK_Condition cause : null
2024-07-10 11:37:21,763 [INFO] LogOutputStream:77 - [STDOUT_REDIRECT] 1 : Invalid condition id : UX_CORESTACK_Condition cause : null
2024-07-10 11:37:21,764 [INFO] LogOutputStream:77 - [STDOUT_REDIRECT] 1 : Invalid condition id : UX_CORESTACK_Condition cause : null
2024-07-10 11:37:21,766 [WARN] PackLoader:240 - Cannot read IP mode file for STMicroelectronics.X-CUBE-AZRTOS-WL.2.0.0
2024-07-10 11:37:21,770 [WARN] PackLoader:240 - Cannot read IP mode file for STMicroelectronics.FP-SNS-MOTENV1.5.0.0
2024-07-10 11:37:21,773 [WARN] PackLoader:240 - Cannot read IP mode file for wolfSSL.I-CUBE-wolfMQTT.1.19.0
2024-07-10 11:37:21,781 [WARN] PackLoader:240 - Cannot read IP mode file for WES.I-CUBE-Cesium.1.3.0
2024-07-10 11:37:21,784 [WARN] PackLoader:240 - Cannot read IP mode file for STMicroelectronics.X-CUBE-BLE2.3.3.0
2024-07-10 11:37:21,788 [WARN] PackLoader:240 - Cannot read IP mode file for STMicroelectronics.X-CUBE-TCPP.4.1.0
2024-07-10 11:37:21,792 [WARN] PackLoader:240 - Cannot read IP mode file for STMicroelectronics.X-CUBE-ALGOBUILD.1.3.0
2024-07-10 11:37:21,811 [WARN] PackLoader:240 - Cannot read IP mode file for STMicroelectronics.X-CUBE-AZRTOS-G0.1.1.0
2024-07-10 11:37:21,817 [WARN] PackLoader:240 - Cannot read IP mode file for STMicroelectronics.X-CUBE-SAFEA1.1.2.2
2024-07-10 11:37:21,820 [WARN] PackLoader:240 - Cannot read IP mode file for STMicroelectronics.X-CUBE-NFC4.3.0.0
2024-07-10 11:37:21,827 [WARN] PackLoader:240 - Cannot read IP mode file for EmbeddedOffice.I-CUBE-FS-RTOS.1.0.1
2024-07-10 11:37:21,828 [ERROR] ConditionMgr:805 - Attr not supported : Dmpu
2024-07-10 11:37:21,828 [ERROR] ConditionMgr:805 - Attr not supported : Dmpu
2024-07-10 11:37:21,828 [ERROR] ConditionMgr:805 - Attr not supported : Dmpu
2024-07-10 11:37:21,828 [ERROR] ConditionMgr:805 - Attr not supported : Dmpu
2024-07-10 11:37:21,828 [ERROR] ConditionMgr:805 - Attr not supported : Dmpu
2024-07-10 11:37:21,828 [ERROR] ConditionMgr:805 - Attr not supported : Dmpu
2024-07-10 11:37:21,828 [ERROR] ConditionMgr:805 - Attr not supported : Dmpu
2024-07-10 11:37:21,828 [ERROR] ConditionMgr:805 - Attr not supported : Dmpu
2024-07-10 11:37:21,828 [ERROR] ConditionMgr:805 - Attr not supported : Dmpu
2024-07-10 11:37:21,828 [ERROR] ConditionMgr:805 - Attr not supported : Dmpu
2024-07-10 11:37:21,828 [ERROR] ConditionMgr:805 - Attr not supported : Dmpu
2024-07-10 11:37:21,828 [ERROR] ConditionMgr:805 - Attr not supported : Dmpu
2024-07-10 11:37:21,828 [ERROR] ConditionMgr:805 - Attr not supported : Dmpu
2024-07-10 11:37:21,828 [ERROR] ConditionMgr:805 - Attr not supported : Dmpu
2024-07-10 11:37:21,828 [ERROR] ConditionMgr:805 - Attr not supported : Dmpu
2024-07-10 11:37:21,828 [ERROR] ConditionMgr:805 - Attr not supported : Dmpu
2024-07-10 11:37:21,828 [ERROR] ConditionMgr:805 - Attr not supported : Dmpu
2024-07-10 11:37:21,828 [ERROR] ConditionMgr:805 - Attr not supported : Dmpu
2024-07-10 11:37:21,828 [ERROR] ConditionMgr:805 - Attr not supported : Dmpu
2024-07-10 11:37:21,828 [ERROR] ConditionMgr:805 - Attr not supported : Dmpu
2024-07-10 11:37:21,828 [ERROR] ConditionMgr:805 - Attr not supported : Dmpu
2024-07-10 11:37:21,828 [ERROR] ConditionMgr:805 - Attr not supported : Dmpu
2024-07-10 11:37:21,828 [ERROR] ConditionMgr:805 - Attr not supported : Dmpu
2024-07-10 11:37:21,828 [ERROR] ConditionMgr:805 - Attr not supported : Dmpu
2024-07-10 11:37:21,828 [ERROR] ConditionMgr:805 - Attr not supported : Dmpu
2024-07-10 11:37:21,828 [ERROR] ConditionMgr:805 - Attr not supported : Dmpu
2024-07-10 11:37:21,828 [ERROR] ConditionMgr:805 - Attr not supported : Dmpu
2024-07-10 11:37:21,828 [ERROR] ConditionMgr:805 - Attr not supported : Dmpu
2024-07-10 11:37:21,828 [ERROR] ConditionMgr:805 - Attr not supported : Dmpu
2024-07-10 11:37:21,828 [ERROR] ConditionMgr:805 - Attr not supported : Dmpu
2024-07-10 11:37:21,828 [ERROR] ConditionMgr:805 - Attr not supported : Dmpu
2024-07-10 11:37:21,828 [ERROR] ConditionMgr:805 - Attr not supported : Dmpu
2024-07-10 11:37:21,828 [ERROR] ConditionMgr:805 - Attr not supported : Dmpu
2024-07-10 11:37:21,828 [ERROR] ConditionMgr:805 - Attr not supported : Dmpu
2024-07-10 11:37:21,828 [ERROR] ConditionMgr:805 - Attr not supported : Dmpu
2024-07-10 11:37:21,829 [ERROR] ConditionMgr:805 - Attr not supported : Dmpu
2024-07-10 11:37:21,829 [ERROR] ConditionMgr:805 - Attr not supported : Dmpu
2024-07-10 11:37:21,829 [ERROR] ConditionMgr:805 - Attr not supported : Dmpu
2024-07-10 11:37:21,829 [ERROR] ConditionMgr:805 - Attr not supported : Dmpu
2024-07-10 11:37:21,829 [ERROR] ConditionMgr:805 - Attr not supported : Dmpu
2024-07-10 11:37:21,829 [ERROR] ConditionMgr:805 - Attr not supported : Dmpu
2024-07-10 11:37:21,829 [ERROR] ConditionMgr:805 - Attr not supported : Dmpu
2024-07-10 11:37:21,829 [ERROR] ConditionMgr:805 - Attr not supported : Dmpu
2024-07-10 11:37:21,829 [ERROR] ConditionMgr:805 - Attr not supported : Dmpu
2024-07-10 11:37:21,829 [ERROR] ConditionMgr:805 - Attr not supported : Dmpu
2024-07-10 11:37:21,829 [ERROR] ConditionMgr:805 - Attr not supported : Dmpu
2024-07-10 11:37:21,829 [ERROR] ConditionMgr:805 - Attr not supported : Dmpu
2024-07-10 11:37:21,829 [ERROR] ConditionMgr:805 - Attr not supported : Dmpu
2024-07-10 11:37:21,829 [ERROR] ConditionMgr:805 - Attr not supported : Dmpu
2024-07-10 11:37:21,829 [ERROR] ConditionMgr:805 - Attr not supported : Dmpu
2024-07-10 11:37:21,829 [ERROR] ConditionMgr:805 - Attr not supported : Dmpu
2024-07-10 11:37:21,829 [ERROR] ConditionMgr:805 - Attr not supported : Dmpu
2024-07-10 11:37:21,829 [ERROR] ConditionMgr:805 - Attr not supported : Dmpu
2024-07-10 11:37:21,829 [ERROR] ConditionMgr:805 - Attr not supported : Dmpu
2024-07-10 11:37:21,829 [ERROR] ConditionMgr:805 - Attr not supported : Dmpu
2024-07-10 11:37:21,829 [ERROR] ConditionMgr:805 - Attr not supported : Dmpu
2024-07-10 11:37:21,829 [ERROR] ConditionMgr:805 - Attr not supported : Dmpu
2024-07-10 11:37:21,829 [ERROR] ConditionMgr:805 - Attr not supported : Dmpu
2024-07-10 11:37:21,829 [ERROR] ConditionMgr:805 - Attr not supported : Dmpu
2024-07-10 11:37:21,829 [ERROR] ConditionMgr:805 - Attr not supported : Dmpu
2024-07-10 11:37:21,829 [ERROR] ConditionMgr:805 - Attr not supported : Dmpu
2024-07-10 11:37:21,829 [ERROR] ConditionMgr:805 - Attr not supported : Dmpu
2024-07-10 11:37:21,829 [ERROR] ConditionMgr:805 - Attr not supported : Dmpu
2024-07-10 11:37:21,829 [ERROR] ConditionMgr:805 - Attr not supported : Dmpu
2024-07-10 11:37:21,834 [WARN] PackLoader:240 - Cannot read IP mode file for STMicroelectronics.X-CUBE-BLEMGR.3.0.0
2024-07-10 11:37:21,838 [WARN] PackLoader:240 - Cannot read IP mode file for RealThread.X-CUBE-RT-Thread_Nano.4.1.1
2024-07-10 11:37:21,840 [WARN] PackLoader:240 - Cannot read IP mode file for STMicroelectronics.FP-ATR-SIGFOX1.3.2.0
2024-07-10 11:37:21,844 [WARN] PackLoader:240 - Cannot read IP mode file for STMicroelectronics.X-CUBE-EEPRMA1.5.1.0
2024-07-10 11:37:21,865 [WARN] PackLoader:240 - Cannot read IP mode file for SEGGER.I-CUBE-embOS.1.3.1
2024-07-10 11:37:21,885 [WARN] PackLoader:240 - Cannot read IP mode file for STMicroelectronics.X-CUBE-ALGOBUILD.1.4.0
2024-07-10 11:37:21,888 [WARN] PackLoader:240 - Cannot read IP mode file for STMicroelectronics.X-CUBE-GNSS1.6.0.0
2024-07-10 11:37:21,897 [WARN] PackLoader:240 - Cannot read IP mode file for STMicroelectronics.X-CUBE-AZRTOS-F4.1.1.0
2024-07-10 11:37:21,901 [WARN] PackLoader:240 - Cannot read IP mode file for STMicroelectronics.X-CUBE-FREERTOS.1.2.0
2024-07-10 11:37:21,903 [INFO] UserAuth:404 - Internet connection configuration mode: 1
2024-07-10 11:37:21,903 [WARN] PackLoader:240 - Cannot read IP mode file for wolfSSL.I-CUBE-wolfSSL.5.6.6
2024-07-10 11:37:21,911 [WARN] PackLoader:240 - Cannot read IP mode file for STMicroelectronics.X-CUBE-AZRTOS-L5.2.0.0
2024-07-10 11:37:21,917 [WARN] PackLoader:240 - Cannot read IP mode file for STMicroelectronics.X-CUBE-NFC6.3.1.0
2024-07-10 11:37:21,921 [WARN] PackLoader:240 - Cannot read IP mode file for ITTIA_DB.I-CUBE-ITTIADB.8.8.0
2024-07-10 11:37:21,924 [WARN] PackLoader:240 - Cannot read IP mode file for STMicroelectronics.X-CUBE-DPower.1.2.0
2024-07-10 11:37:21,926 [WARN] PackLoader:240 - Cannot read IP mode file for STMicroelectronics.X-CUBE-AI.9.0.0
2024-07-10 11:37:21,930 [WARN] PackLoader:240 - Cannot read IP mode file for STMicroelectronics.X-CUBE-NFC7.1.0.1
2024-07-10 11:37:21,932 [WARN] PackLoader:240 - Cannot read IP mode file for wolfSSL.I-CUBE-wolfTPM.3.2.0
2024-07-10 11:37:21,936 [WARN] PackLoader:240 - Cannot read IP mode file for STMicroelectronics.X-CUBE-NFC6.3.0.0
2024-07-10 11:37:21,940 [WARN] PackLoader:240 - Cannot read IP mode file for STMicroelectronics.X-CUBE-AI.8.1.0
2024-07-10 11:37:21,940 [INFO] JxBrowserEngine:152 - Initiate JxBrowser Engine with user profile folder
2024-07-10 11:37:21,951 [WARN] ConditionMgr:438 - getConditionDescription Invalid condition id : LAN8742 Phy interface Condition cause : null
2024-07-10 11:37:21,951 [WARN] PackLoader:240 - Cannot read IP mode file for STMicroelectronics.X-CUBE-AZRTOS-L4.2.0.0
2024-07-10 11:37:21,952 [WARN] ConditionMgr:1039 - genDependencies : Invalid condition id : LAN8742 Phy interface Condition cause : null
2024-07-10 11:37:21,952 [WARN] ConditionMgr:1039 - genDependencies : Invalid condition id : LAN8742 Phy interface Condition cause : null
2024-07-10 11:37:21,953 [WARN] ConditionMgr:1039 - genDependencies : Invalid condition id : LAN8742 Phy interface Condition cause : null
2024-07-10 11:37:21,958 [WARN] PackLoader:240 - Cannot read IP mode file for STMicroelectronics.X-CUBE-SFXS2LP1.4.0.0
2024-07-10 11:37:21,973 [WARN] ConditionMgr:438 - getConditionDescription Invalid condition id : UX DEVICE CLASS RTOS Condition cause : null
2024-07-10 11:37:21,974 [WARN] ConditionMgr:438 - getConditionDescription Invalid condition id : UX DEVICE CLASS RTOS Condition cause : null
2024-07-10 11:37:21,978 [WARN] PackLoader:240 - Cannot read IP mode file for STMicroelectronics.X-CUBE-AZRTOS-WB.2.0.0
2024-07-10 11:37:21,979 [WARN] ConditionMgr:1039 - genDependencies : Invalid condition id : UX DEVICE CLASS RTOS Condition cause : null
2024-07-10 11:37:21,979 [WARN] ConditionMgr:1039 - genDependencies : Invalid condition id : UX DEVICE CLASS RTOS Condition cause : null
2024-07-10 11:37:21,980 [WARN] ConditionMgr:1039 - genDependencies : Invalid condition id : UX DEVICE CLASS RTOS Condition cause : null
2024-07-10 11:37:21,980 [WARN] ConditionMgr:1039 - genDependencies : Invalid condition id : UX DEVICE CLASS RTOS Condition cause : null
2024-07-10 11:37:21,980 [WARN] ConditionMgr:1039 - genDependencies : Invalid condition id : UX DEVICE CLASS RTOS Condition cause : null
2024-07-10 11:37:22,002 [WARN] PackLoader:240 - Cannot read IP mode file for STMicroelectronics.X-CUBE-SUBG2.5.0.0
2024-07-10 11:37:22,008 [WARN] PackLoader:240 - Cannot read IP mode file for Cesanta.I-CUBE-Mongoose.7.13.0
2024-07-10 11:37:22,021 [WARN] PackLoader:240 - Cannot read IP mode file for STMicroelectronics.X-CUBE-AZRTOS-G4.2.0.0
2024-07-10 11:37:22,029 [WARN] PackLoader:240 - Cannot read IP mode file for Infineon.AIROC-Wi-Fi-Bluetooth-STM32.1.5.1
2024-07-10 11:37:22,034 [WARN] PackLoader:240 - Cannot read IP mode file for STMicroelectronics.FP-SNS-MOTENVWB1.1.3.1
2024-07-10 11:37:22,037 [WARN] PackLoader:240 - Cannot read IP mode file for STMicroelectronics.X-CUBE-ISPU.2.0.0
2024-07-10 11:37:22,039 [WARN] PackLoader:240 - Cannot read IP mode file for STMicroelectronics.X-CUBE-ALS.1.0.2
2024-07-10 11:37:22,066 [WARN] PackLoader:240 - Cannot read IP mode file for STMicroelectronics.X-CUBE-MEMS1.10.0.0
2024-07-10 11:37:22,119 [WARN] PackLoader:240 - Cannot read IP mode file for STMicroelectronics.X-CUBE-FREERTOS.1.1.0
2024-07-10 11:37:22,122 [WARN] PackLoader:240 - Cannot read IP mode file for STMicroelectronics.X-CUBE-TOUCHGFX.4.24.0
2024-07-10 11:37:22,125 [WARN] PackLoader:240 - Cannot read IP mode file for portGmbH.I-Cube-SoM-uGOAL.1.1.0
2024-07-10 11:37:22,126 [WARN] PackLoader:240 - Cannot read IP mode file for STMicroelectronics.X-CUBE-ALS.1.0.1
2024-07-10 11:37:22,134 [WARN] PackLoader:240 - Cannot read IP mode file for STMicroelectronics.X-CUBE-AZRTOS-H7RS.1.0.0
2024-07-10 11:37:22,140 [WARN] PackLoader:240 - Cannot read IP mode file for STMicroelectronics.FP-ATR-ASTRA1.2.0.0
2024-07-10 11:37:22,144 [WARN] PackLoader:240 - Cannot read IP mode file for STMicroelectronics.X-CUBE-TOF1.3.4.0
2024-07-10 11:37:22,156 [WARN] PackLoader:240 - Cannot read IP mode file for STMicroelectronics.X-CUBE-TOF1.3.4.1
2024-07-10 11:37:22,168 [WARN] PackLoader:240 - Cannot read IP mode file for STMicroelectronics.X-CUBE-AZRTOS-H7.3.2.0
2024-07-10 11:37:22,171 [INFO] ThirdParty:978 - Integrity check success = true
2024-07-10 11:37:22,171 [INFO] IntegrityCheckThread:100 - exiting critical section [integrity check]
2024-07-10 11:37:22,171 [INFO] IntegrityCheckThread:103 - End integrity checks thread
2024-07-10 11:37:22,942 [INFO] WebApp:161 - Instantiating new browser for Auth
2024-07-10 11:37:23,271 [INFO] WebApp:780 - Register for checkConnection events
2024-07-10 11:37:23,272 [INFO] WebApp:414 - Apply proxy settings
2024-07-10 11:37:23,272 [INFO] WebApp:499 - Chromium requires no authentication
2024-07-10 11:37:23,276 [INFO] WebApp:442 - Direct internet connection detected
2024-07-10 11:37:23,353 [INFO] WebApp:192 - Starting web application
2024-07-10 11:37:23,353 [INFO] WebApp:544 - Web application path used C:\ST\STM32CubeIDE_1.14.1\STM32CubeIDE\plugins\com.st.stm32cube.common.mx_6.10.0.202311202037\db\plugins\mcufinder\reactClient1\index.html
2024-07-10 11:37:43,945 [ERROR] LogOutputStream:75 - [STDERR_REDIRECT] SLF4J: Failed to load class "org.slf4j.impl.StaticLoggerBinder".
2024-07-10 11:37:43,946 [ERROR] LogOutputStream:75 - [STDERR_REDIRECT] SLF4J: Defaulting to no-operation (NOP) logger implementation
2024-07-10 11:37:43,947 [ERROR] LogOutputStream:75 - [STDERR_REDIRECT] SLF4J: See http://www.slf4j.org/codes.html#StaticLoggerBinder for further details.
2024-07-10 11:38:17,403 [ERROR] LogOutputStream:75 - [STDERR_REDIRECT] 
